<?xml version="1.0" encoding="UTF-8"?>
<!-- Generated by org.testng.reporters.JUnitReportReporter -->
<testsuite hostname="NODE158" name="com.project.selenium.AssertTest" tests="2" failures="0" timestamp="19 Oct 2016 07:05:29 GMT" time="89.287" errors="0">
  <testcase name="testgoogle1" time="44.591" classname="com.project.selenium.AssertTest"/>
  <testcase name="testgoogle" time="44.696" classname="com.project.selenium.AssertTest"/>
</testsuite> <!-- com.project.selenium.AssertTest -->
