<?xml version="1.0" encoding="UTF-8"?>
<!-- Generated by org.testng.reporters.JUnitReportReporter -->
<testsuite hostname="NODE158" name="com.project.selenium.makemytrip" tests="1" failures="0" timestamp="13 Oct 2016 05:46:18 GMT" time="58.717" errors="0">
  <testcase name="testgoogle" time="58.717" classname="com.project.selenium.makemytrip"/>
</testsuite> <!-- com.project.selenium.makemytrip -->
