<?xml version="1.0" encoding="UTF-8"?>
<!-- Generated by org.testng.reporters.JUnitReportReporter -->
<testsuite hostname="NODE158" name="com.project.selenium.TestngAnnotation" tests="2" failures="0" timestamp="17 Oct 2016 05:45:35 GMT" time="0.007" errors="0">
  <testcase name="testcase2" time="0.002" classname="com.project.selenium.TestngAnnotation"/>
  <testcase name="testcase1" time="0.005" classname="com.project.selenium.TestngAnnotation"/>
</testsuite> <!-- com.project.selenium.TestngAnnotation -->
