<?xml version="1.0" encoding="UTF-8"?>
<!-- Generated by org.testng.reporters.JUnitReportReporter -->
<testsuite hostname="NODE158" name="com.project.selenium.MacyTest" tests="1" failures="0" timestamp="16 Oct 2016 03:51:57 GMT" time="217.998" errors="0">
  <testcase name="testgoogle" time="217.998" classname="com.project.selenium.MacyTest"/>
</testsuite> <!-- com.project.selenium.MacyTest -->
