<?xml version="1.0" encoding="UTF-8"?>
<!-- Generated by org.testng.reporters.JUnitReportReporter -->
<testsuite hostname="NODE158" name="com.project.selenium.AssertTest$SeleniumDemoTest" tests="1" failures="0" timestamp="18 Oct 2016 11:03:45 GMT" time="33.217" errors="0">
  <testcase name="testgoogle" time="33.217" classname="com.project.selenium.AssertTest$SeleniumDemoTest"/>
</testsuite> <!-- com.project.selenium.AssertTest$SeleniumDemoTest -->
