<?xml version="1.0" encoding="UTF-8"?>
<!-- Generated by org.testng.reporters.JUnitReportReporter -->
<testsuite hostname="NODE158" name="com.project.selenium.irctcTest$SeleniumDemoTest" tests="1" failures="0" timestamp="17 Oct 2016 04:40:17 GMT" time="88.174" errors="0">
  <testcase name="testgoogle" time="88.174" classname="com.project.selenium.irctcTest$SeleniumDemoTest"/>
</testsuite> <!-- com.project.selenium.irctcTest$SeleniumDemoTest -->
