<?xml version="1.0" encoding="UTF-8"?>
<!-- Generated by org.testng.reporters.JUnitReportReporter -->
<testsuite hostname="NODE158" name="testng.vipul.jain.gspann.Test" tests="2" failures="0" timestamp="17 Oct 2016 05:45:35 GMT" time="0.006" errors="0">
  <testcase name="testcase2" time="0.004" classname="testng.vipul.jain.gspann.Test"/>
  <testcase name="testcase1" time="0.002" classname="testng.vipul.jain.gspann.Test"/>
</testsuite> <!-- testng.vipul.jain.gspann.Test -->
