<?xml version="1.0" encoding="UTF-8"?>
<!-- Generated by org.testng.reporters.JUnitReportReporter -->
<testsuite hostname="NODE158" name="com.project.selenium.GyTest$SeleniumDemoTest" tests="1" failures="0" timestamp="17 Oct 2016 08:40:30 GMT" time="84.907" errors="0">
  <testcase name="testgoogle" time="84.907" classname="com.project.selenium.GyTest$SeleniumDemoTest"/>
</testsuite> <!-- com.project.selenium.GyTest$SeleniumDemoTest -->
