<?xml version="1.0" encoding="UTF-8"?>
<!-- Generated by org.testng.reporters.JUnitReportReporter -->
<testsuite hostname="NODE158" name="com.project.selenium.SeleniumDemoTest" tests="1" failures="0" timestamp="13 Oct 2016 06:53:21 GMT" time="12.118" errors="0">
  <testcase name="testgoogle" time="12.118" classname="com.project.selenium.SeleniumDemoTest"/>
</testsuite> <!-- com.project.selenium.SeleniumDemoTest -->
